<?xml version='1.0' encoding='UTF-8'?>
<testsuite hostname="Khanhs-MacBook-Pro.local" name="controllers.greenfossil.jumpstart.day1.SingUpSuite" tests="1" errors="0" failures="1" skipped="0" time="0.002" timestamp="2023-11-14T14:16:25">
          <properties>
[...]
</properties>
          <testcase classname="controllers.greenfossil.jumpstart.day1.SingUpSuite" name="beforeAll" time="0.002">
                      <failure message="no services in the server" type="java.lang.IllegalArgumentException">java.lang.IllegalArgumentException: no services in the server
	at com.linecorp.armeria.server.DefaultServerConfig.&lt;init&gt;(DefaultServerConfig.java:250)
	at com.linecorp.armeria.server.ServerBuilder.buildServerConfig(ServerBuilder.java:2222)
	at com.linecorp.armeria.server.ServerBuilder.build(ServerBuilder.java:2078)
	at com.greenfossil.thorium.Server.buildServer(Server.scala:257)
	at com.greenfossil.thorium.Server.buildServer(Server.scala:204)
	at com.greenfossil.thorium.Server.start(Server.scala:296)
	at controllers.greenfossil.jumpstart.day1.SingUpSuite.beforeAll(SingUpSuite.scala:45)
	at munit.MUnitRunner.$anonfun$3(MUnitRunner.scala:168)
	at scala.runtime.java8.JFunction0$mcV$sp.apply(JFunction0$mcV$sp.scala:18)
</failure>
                    </testcase>
          <system-out><![CDATA[]]></system-out>
          <system-err><![CDATA[]]></system-err>
        </testsuite>